{
  "RSpec": {
    "coverage": {
      "/home/naps62/gb/gb-blog/app/helpers/application_helper.rb": [
        1,
        null
      ],
      "/home/naps62/gb/gb-blog/app/models/category.rb": [
        1,
        null,
        1,
        null,
        1,
        null,
        null
      ],
      "/home/naps62/gb/gb-blog/app/models/post.rb": [
        1,
        null,
        1,
        1,
        null,
        1,
        null,
        null,
        null,
        null,
        null,
        1,
        1,
        null,
        null,
        1,
        3,
        null,
        null,
        null
      ],
      "/home/naps62/gb/gb-blog/app/presenters/post_presenter.rb": [
        1,
        null,
        1,
        null,
        1,
        1,
        null,
        null,
        null
      ],
      "/home/naps62/gb/gb-blog/app/models/user.rb": [
        1,
        1,
        null,
        1,
        null,
        null
      ]
    },
    "timestamp": 1375372469
  }
}
